2022-06-26 10:13:43,047 - BaseLogger - DEBUG - chat_id=746826672. username=DaveMSU. real_name=Давид Харазян. message="Ты тут?"
2022-06-27 10:17:04,097 - BaseLogger - DEBUG - chat_id=746826672. username=DaveMSU. real_name=Давид Харазян. message="Ку"
2022-06-27 21:41:35,824 - BaseLogger - DEBUG - chat_id=746826672. username=DaveMSU. real_name=Давид Харазян. message="Привет"
2022-07-04 11:18:26,295 - BaseLogger - DEBUG - chat_id=746826672. username=DaveMSU. real_name=Давид Харазян. message="ку"
2022-07-05 19:44:15,296 - BaseLogger - DEBUG - chat_id=746826672. username=DaveMSU. real_name=Давид Харазян. message="Дарвоа, чувак, че как сам??"
2022-07-05 19:45:19,938 - BaseLogger - DEBUG - chat_id=1766079122. username=None. real_name=Svetlana None. message="/start"
2022-07-05 19:45:30,241 - BaseLogger - DEBUG - chat_id=1766079122. username=None. real_name=Svetlana None. message="Привет !"
2022-07-05 19:45:39,269 - BaseLogger - DEBUG - chat_id=1766079122. username=None. real_name=Svetlana None. message="6(3₽₽"
2022-07-06 00:30:01,780 - BaseLogger - DEBUG - chat_id=746826672. username=DaveMSU. real_name=Давид Харазян. message="Привет!!!"
2022-07-08 00:49:48,444 - BaseLogger - DEBUG - chat_id=746826672. username=DaveMSU. real_name=Давид Харазян. message="Дарова!"
2022-07-08 00:49:54,443 - BaseLogger - DEBUG - chat_id=746826672. username=DaveMSU. real_name=Давид Харазян. message="Э"
2022-07-08 00:51:23,897 - BaseLogger - DEBUG - chat_id=746826672. username=DaveMSU. real_name=Давид Харазян. message="Даров"
2022-07-08 00:51:33,407 - BaseLogger - DEBUG - chat_id=746826672. username=DaveMSU. real_name=Давид Харазян. message="я сказал ДАРОВ»"
2022-07-08 16:43:39,801 - BaseLogger - DEBUG - chat_id=200570950. username=xtazze. real_name=Aleksandr Luchko. message="/start"
2022-07-08 16:43:41,908 - BaseLogger - DEBUG - chat_id=200570950. username=xtazze. real_name=Aleksandr Luchko. message="Привет"
2022-07-08 16:44:04,321 - BaseLogger - DEBUG - chat_id=200570950. username=xtazze. real_name=Aleksandr Luchko. message="Как сам"
2022-07-08 16:44:24,342 - BaseLogger - DEBUG - chat_id=200570950. username=xtazze. real_name=Aleksandr Luchko. message="Ты красавчик"
2022-07-08 16:46:11,888 - BaseLogger - DEBUG - chat_id=200570950. username=xtazze. real_name=Aleksandr Luchko. message="Давид пидор"
2022-07-16 04:12:40,769 - BaseLogger - DEBUG - chat_id=746826672. username=DaveMSU. real_name=Давид Харазян. message="re"
2022-07-22 00:21:31,874 - BaseLogger - DEBUG - chat_id=746826672. username=DaveMSU. real_name=Давид Харазян. message="ку"
2022-07-23 22:51:08,327 - BaseLogger - DEBUG - chat_id=746826672. username=DaveMSU. real_name=Давид Харазян. message="Эй!"
2022-07-23 22:52:50,453 - BaseLogger - DEBUG - chat_id=746826672. username=DaveMSU. real_name=Давид Харазян. message="Ауф"
2022-07-25 19:28:18,667 - BaseLogger - DEBUG - chat_id=746826672. username=DaveMSU. real_name=Давид Харазян (В отпуске). message="Привет"
2022-07-25 19:28:21,419 - BaseLogger - DEBUG - chat_id=746826672. username=DaveMSU. real_name=Давид Харазян (В отпуске). message="Как дела"
2022-07-26 03:54:33,216 - BaseLogger - DEBUG - chat_id=746826672. username=DaveMSU. real_name=Давид Харазян (В отпуске). message="Эй"
2022-07-30 19:12:20,612 - BaseLogger - DEBUG - chat_id=746826672. username=DaveMSU. real_name=Давид Харазян (В отпуске). message="Привет"
2022-08-21 19:03:59,843 - BaseLogger - DEBUG - chat_id=746826672. username=DaveMSU. real_name=Давид Харазян. message="Мол"
2022-08-21 19:04:02,296 - BaseLogger - DEBUG - chat_id=746826672. username=DaveMSU. real_name=Давид Харазян. message="А"
2022-11-01 11:46:51,264 - BaseLogger - DEBUG - chat_id=746826672. username=DaveMSU. real_name=Давид Харазян. message="Тут?"
2022-11-01 11:46:54,340 - BaseLogger - DEBUG - chat_id=746826672. username=DaveMSU. real_name=Давид Харазян. message="Красава"
