2022-07-25 07:53:04,325 - BackupHandler - DEBUG - Handler created!
2022-07-25 07:53:04,325 - BackupHandler - WARNING - /home/david_tyuman/telegram_server/bots/daemons/backup_dir dir do not exists, so it was creared.
2022-07-25 07:53:04,325 - BackupHandler - WARNING - /home/david_tyuman/telegram_server/bots/daemons/backup_dir/content dir do not exists, so it was creared.
2022-07-25 07:53:04,326 - BackupHandler - WARNING - /home/david_tyuman/telegram_server/bots/daemons/backup_dir/content/GeorgeTeacherBot dir do not exists, so it was creared.
2022-07-25 07:53:04,326 - BackupHandler - WARNING - /home/david_tyuman/telegram_server/bots/daemons/backup_dir/content/GeorgeTeacherBot/words_base dir do not exists, so it was creared.
2022-07-25 07:53:04,326 - BackupHandler - DEBUG - File '/home/david_tyuman/telegram_server/bots/GeorgeTeacherBot/words_base.txt' copied to '/home/david_tyuman/telegram_server/bots/daemons/backup_dir/content/GeorgeTeacherBot/words_base/words_base_2022-07-25T07:53:04.txt' path.
2022-07-25 07:53:04,326 - BackupHandler - WARNING - File '/home/david_tyuman/telegram_server/bots/GeorgeTeacherBot/words_query.txt' do not exists!
2022-07-25 07:53:04,327 - BackupHandler - WARNING - /home/david_tyuman/telegram_server/bots/daemons/backup_dir/logs dir do not exists, so it was creared.
2022-07-25 07:53:04,327 - BackupHandler - WARNING - /home/david_tyuman/telegram_server/bots/daemons/backup_dir/logs/GeorgeTeacherBot dir do not exists, so it was creared.
2022-07-25 07:53:04,327 - BackupHandler - WARNING - /home/david_tyuman/telegram_server/bots/daemons/backup_dir/logs/GeorgeTeacherBot/chat dir do not exists, so it was creared.
2022-07-25 07:53:04,328 - BackupHandler - DEBUG - File '/home/david_tyuman/telegram_server/bots/logs/GeorgeTeacherBot/chat.log' copied to '/home/david_tyuman/telegram_server/bots/daemons/backup_dir/logs/GeorgeTeacherBot/chat/chat_2022-07-25T07:53:04.log' path.
2022-07-25 07:53:04,340 - BackupHandler - DEBUG - File '/home/david_tyuman/telegram_server/bots/logs/GeorgeTeacherBot/learning.log' copied to '/home/david_tyuman/telegram_server/bots/backup_dir/logs/GeorgeTeacherBot/learning/learning_2022-07-25T07:53:04.log' path.
2022-07-25 07:53:04,340 - BackupHandler - DEBUG - File '/home/david_tyuman/telegram_server/bots/logs/LazarusServiceBot/debug.log' copied to '/home/david_tyuman/telegram_server/bots/backup_dir/logs/LazarusServiceBot/debug/debug_2022-07-25T07:53:04.log' path.
2022-07-25 07:53:04,341 - BackupHandler - WARNING - /home/david_tyuman/telegram_server/bots/backup_dir/logs/daemons dir do not exists, so it was creared.
2022-07-25 07:53:04,341 - BackupHandler - WARNING - /home/david_tyuman/telegram_server/bots/backup_dir/logs/daemons/backup_handler dir do not exists, so it was creared.
2022-07-25 07:53:04,341 - BackupHandler - WARNING - /home/david_tyuman/telegram_server/bots/backup_dir/logs/daemons/backup_handler/debug dir do not exists, so it was creared.
2022-07-25 07:53:04,341 - BackupHandler - DEBUG - File '/home/david_tyuman/telegram_server/bots/logs/daemons/backup_handler/debug.log' copied to '/home/david_tyuman/telegram_server/bots/backup_dir/logs/daemons/backup_handler/debug/debug_2022-07-25T07:53:04.log' path.
2022-07-25 07:53:04,342 - BackupHandler - WARNING - /home/david_tyuman/telegram_server/bots/backup_dir/logs/daemons/words_base_handler dir do not exists, so it was creared.
2022-07-25 07:53:04,342 - BackupHandler - WARNING - /home/david_tyuman/telegram_server/bots/backup_dir/logs/daemons/words_base_handler/debug dir do not exists, so it was creared.
2022-07-25 07:53:04,342 - BackupHandler - DEBUG - File '/home/david_tyuman/telegram_server/bots/logs/daemons/words_base_handler/debug.log' copied to '/home/david_tyuman/telegram_server/bots/backup_dir/logs/daemons/words_base_handler/debug/debug_2022-07-25T07:53:04.log' path.
2022-07-25 10:08:21,031 - BackupHandler - DEBUG - Handler created!
2022-07-25 10:08:21,032 - BackupHandler - WARNING - /home/david_tyuman/telegram_server/bots/backup_dir dir do not exists, so it was creared.
2022-07-25 10:08:21,032 - BackupHandler - WARNING - /home/david_tyuman/telegram_server/bots/backup_dir/content dir do not exists, so it was creared.
2022-07-25 10:08:21,032 - BackupHandler - WARNING - /home/david_tyuman/telegram_server/bots/backup_dir/content/GeorgeTeacherBot dir do not exists, so it was creared.
2022-07-25 10:08:21,032 - BackupHandler - WARNING - /home/david_tyuman/telegram_server/bots/backup_dir/content/GeorgeTeacherBot/words_base dir do not exists, so it was creared.
2022-07-25 10:08:21,033 - BackupHandler - DEBUG - File '/home/david_tyuman/telegram_server/bots/GeorgeTeacherBot/words_base.txt' copied to '/home/david_tyuman/telegram_server/bots/backup_dir/content/GeorgeTeacherBot/words_base/words_base_2022-07-25T10:08:21.txt' path.
2022-07-25 10:08:21,033 - BackupHandler - WARNING - File '/home/david_tyuman/telegram_server/bots/GeorgeTeacherBot/words_query.txt' do not exists!
2022-07-25 10:08:21,033 - BackupHandler - WARNING - /home/david_tyuman/telegram_server/bots/backup_dir/logs dir do not exists, so it was creared.
2022-07-25 10:08:21,033 - BackupHandler - WARNING - /home/david_tyuman/telegram_server/bots/backup_dir/logs/GeorgeTeacherBot dir do not exists, so it was creared.
2022-07-25 10:08:21,034 - BackupHandler - WARNING - /home/david_tyuman/telegram_server/bots/backup_dir/logs/GeorgeTeacherBot/chat dir do not exists, so it was creared.
2022-07-25 10:08:21,034 - BackupHandler - DEBUG - File '/home/david_tyuman/telegram_server/bots/logs/GeorgeTeacherBot/chat.log' copied to '/home/david_tyuman/telegram_server/bots/backup_dir/logs/GeorgeTeacherBot/chat/chat_2022-07-25T10:08:21.log' path.
2022-07-25 10:08:21,035 - BackupHandler - WARNING - /home/david_tyuman/telegram_server/bots/backup_dir/logs/GeorgeTeacherBot/learning dir do not exists, so it was creared.
2022-07-25 10:08:21,046 - BackupHandler - DEBUG - File '/home/david_tyuman/telegram_server/bots/logs/GeorgeTeacherBot/learning.log' copied to '/home/david_tyuman/telegram_server/bots/backup_dir/logs/GeorgeTeacherBot/learning/learning_2022-07-25T10:08:21.log' path.
2022-07-25 10:08:21,047 - BackupHandler - WARNING - /home/david_tyuman/telegram_server/bots/backup_dir/logs/LazarusServiceBot dir do not exists, so it was creared.
2022-07-25 10:08:21,047 - BackupHandler - WARNING - /home/david_tyuman/telegram_server/bots/backup_dir/logs/LazarusServiceBot/debug dir do not exists, so it was creared.
2022-07-25 10:08:21,047 - BackupHandler - DEBUG - File '/home/david_tyuman/telegram_server/bots/logs/LazarusServiceBot/debug.log' copied to '/home/david_tyuman/telegram_server/bots/backup_dir/logs/LazarusServiceBot/debug/debug_2022-07-25T10:08:21.log' path.
2022-07-25 10:08:21,048 - BackupHandler - WARNING - /home/david_tyuman/telegram_server/bots/backup_dir/logs/daemons dir do not exists, so it was creared.
2022-07-25 10:08:21,048 - BackupHandler - WARNING - /home/david_tyuman/telegram_server/bots/backup_dir/logs/daemons/backup_handler dir do not exists, so it was creared.
2022-07-25 10:08:21,048 - BackupHandler - WARNING - /home/david_tyuman/telegram_server/bots/backup_dir/logs/daemons/backup_handler/debug dir do not exists, so it was creared.
2022-07-25 10:08:21,049 - BackupHandler - DEBUG - File '/home/david_tyuman/telegram_server/bots/logs/daemons/backup_handler/debug.log' copied to '/home/david_tyuman/telegram_server/bots/backup_dir/logs/daemons/backup_handler/debug/debug_2022-07-25T10:08:21.log' path.
2022-07-25 10:08:21,049 - BackupHandler - WARNING - /home/david_tyuman/telegram_server/bots/backup_dir/logs/daemons/words_base_handler dir do not exists, so it was creared.
2022-07-25 10:08:21,049 - BackupHandler - WARNING - /home/david_tyuman/telegram_server/bots/backup_dir/logs/daemons/words_base_handler/debug dir do not exists, so it was creared.
2022-07-25 10:08:21,049 - BackupHandler - DEBUG - File '/home/david_tyuman/telegram_server/bots/logs/daemons/words_base_handler/debug.log' copied to '/home/david_tyuman/telegram_server/bots/backup_dir/logs/daemons/words_base_handler/debug/debug_2022-07-25T10:08:21.log' path.
2022-07-25 10:11:48,108 - BackupHandler - DEBUG - Handler created!
2022-07-25 10:11:48,109 - BackupHandler - DEBUG - File '/home/david_tyuman/telegram_server/bots/GeorgeTeacherBot/words_base.txt' copied to '/home/david_tyuman/telegram_server/bots/backup_dir/content/GeorgeTeacherBot/words_base/words_base_2022-07-25T10:11:48.txt' path.
2022-07-25 10:11:48,109 - BackupHandler - WARNING - /home/david_tyuman/telegram_server/bots/backup_dir/content/GeorgeTeacherBot/words_queue dir do not exists, so it was creared.
2022-07-25 10:11:48,110 - BackupHandler - DEBUG - File '/home/david_tyuman/telegram_server/bots/GeorgeTeacherBot/words_queue.txt' copied to '/home/david_tyuman/telegram_server/bots/backup_dir/content/GeorgeTeacherBot/words_queue/words_queue_2022-07-25T10:11:48.txt' path.
2022-07-25 10:11:48,111 - BackupHandler - DEBUG - File '/home/david_tyuman/telegram_server/bots/logs/GeorgeTeacherBot/chat.log' copied to '/home/david_tyuman/telegram_server/bots/backup_dir/logs/GeorgeTeacherBot/chat/chat_2022-07-25T10:11:48.log' path.
2022-07-25 10:11:48,123 - BackupHandler - DEBUG - File '/home/david_tyuman/telegram_server/bots/logs/GeorgeTeacherBot/learning.log' copied to '/home/david_tyuman/telegram_server/bots/backup_dir/logs/GeorgeTeacherBot/learning/learning_2022-07-25T10:11:48.log' path.
2022-07-25 10:11:48,123 - BackupHandler - DEBUG - File '/home/david_tyuman/telegram_server/bots/logs/LazarusServiceBot/debug.log' copied to '/home/david_tyuman/telegram_server/bots/backup_dir/logs/LazarusServiceBot/debug/debug_2022-07-25T10:11:48.log' path.
2022-07-25 10:11:48,124 - BackupHandler - DEBUG - File '/home/david_tyuman/telegram_server/bots/logs/daemons/backup_handler/debug.log' copied to '/home/david_tyuman/telegram_server/bots/backup_dir/logs/daemons/backup_handler/debug/debug_2022-07-25T10:11:48.log' path.
2022-07-25 10:11:48,125 - BackupHandler - DEBUG - File '/home/david_tyuman/telegram_server/bots/logs/daemons/words_base_handler/debug.log' copied to '/home/david_tyuman/telegram_server/bots/backup_dir/logs/daemons/words_base_handler/debug/debug_2022-07-25T10:11:48.log' path.
2022-07-25 10:12:42,186 - BackupHandler - DEBUG - Handler created!
2022-07-25 10:12:42,186 - BackupHandler - WARNING - /home/david_tyuman/telegram_server/bots/backup_dir dir do not exists, so it was creared.
2022-07-25 10:12:42,186 - BackupHandler - WARNING - /home/david_tyuman/telegram_server/bots/backup_dir/content dir do not exists, so it was creared.
2022-07-25 10:12:42,186 - BackupHandler - WARNING - /home/david_tyuman/telegram_server/bots/backup_dir/content/GeorgeTeacherBot dir do not exists, so it was creared.
2022-07-25 10:12:42,187 - BackupHandler - WARNING - /home/david_tyuman/telegram_server/bots/backup_dir/content/GeorgeTeacherBot/words_base dir do not exists, so it was creared.
2022-07-25 10:12:42,187 - BackupHandler - DEBUG - File '/home/david_tyuman/telegram_server/bots/GeorgeTeacherBot/words_base.txt' copied to '/home/david_tyuman/telegram_server/bots/backup_dir/content/GeorgeTeacherBot/words_base/words_base_2022-07-25T10:12:42.txt' path.
2022-07-25 10:12:42,187 - BackupHandler - WARNING - /home/david_tyuman/telegram_server/bots/backup_dir/content/GeorgeTeacherBot/words_queue dir do not exists, so it was creared.
2022-07-25 10:12:42,188 - BackupHandler - DEBUG - File '/home/david_tyuman/telegram_server/bots/GeorgeTeacherBot/words_queue.txt' copied to '/home/david_tyuman/telegram_server/bots/backup_dir/content/GeorgeTeacherBot/words_queue/words_queue_2022-07-25T10:12:42.txt' path.
2022-07-25 10:12:42,188 - BackupHandler - WARNING - /home/david_tyuman/telegram_server/bots/backup_dir/logs dir do not exists, so it was creared.
2022-07-25 10:12:42,188 - BackupHandler - WARNING - /home/david_tyuman/telegram_server/bots/backup_dir/logs/GeorgeTeacherBot dir do not exists, so it was creared.
2022-07-25 10:12:42,188 - BackupHandler - WARNING - /home/david_tyuman/telegram_server/bots/backup_dir/logs/GeorgeTeacherBot/chat dir do not exists, so it was creared.
2022-07-25 10:12:42,189 - BackupHandler - DEBUG - File '/home/david_tyuman/telegram_server/bots/logs/GeorgeTeacherBot/chat.log' copied to '/home/david_tyuman/telegram_server/bots/backup_dir/logs/GeorgeTeacherBot/chat/chat_2022-07-25T10:12:42.log' path.
2022-07-25 10:12:42,189 - BackupHandler - WARNING - /home/david_tyuman/telegram_server/bots/backup_dir/logs/GeorgeTeacherBot/learning dir do not exists, so it was creared.
2022-07-25 10:12:42,201 - BackupHandler - DEBUG - File '/home/david_tyuman/telegram_server/bots/logs/GeorgeTeacherBot/learning.log' copied to '/home/david_tyuman/telegram_server/bots/backup_dir/logs/GeorgeTeacherBot/learning/learning_2022-07-25T10:12:42.log' path.
2022-07-25 10:12:42,202 - BackupHandler - WARNING - /home/david_tyuman/telegram_server/bots/backup_dir/logs/LazarusServiceBot dir do not exists, so it was creared.
2022-07-25 10:12:42,202 - BackupHandler - WARNING - /home/david_tyuman/telegram_server/bots/backup_dir/logs/LazarusServiceBot/debug dir do not exists, so it was creared.
2022-07-25 10:12:42,202 - BackupHandler - DEBUG - File '/home/david_tyuman/telegram_server/bots/logs/LazarusServiceBot/debug.log' copied to '/home/david_tyuman/telegram_server/bots/backup_dir/logs/LazarusServiceBot/debug/debug_2022-07-25T10:12:42.log' path.
2022-07-25 10:12:42,203 - BackupHandler - WARNING - /home/david_tyuman/telegram_server/bots/backup_dir/logs/daemons dir do not exists, so it was creared.
2022-07-25 10:12:42,203 - BackupHandler - WARNING - /home/david_tyuman/telegram_server/bots/backup_dir/logs/daemons/backup_handler dir do not exists, so it was creared.
2022-07-25 10:12:42,203 - BackupHandler - WARNING - /home/david_tyuman/telegram_server/bots/backup_dir/logs/daemons/backup_handler/debug dir do not exists, so it was creared.
2022-07-25 10:12:42,203 - BackupHandler - DEBUG - File '/home/david_tyuman/telegram_server/bots/logs/daemons/backup_handler/debug.log' copied to '/home/david_tyuman/telegram_server/bots/backup_dir/logs/daemons/backup_handler/debug/debug_2022-07-25T10:12:42.log' path.
2022-07-25 10:12:42,204 - BackupHandler - WARNING - /home/david_tyuman/telegram_server/bots/backup_dir/logs/daemons/words_base_handler dir do not exists, so it was creared.
2022-07-25 10:12:42,204 - BackupHandler - WARNING - /home/david_tyuman/telegram_server/bots/backup_dir/logs/daemons/words_base_handler/debug dir do not exists, so it was creared.
2022-07-25 10:12:42,204 - BackupHandler - DEBUG - File '/home/david_tyuman/telegram_server/bots/logs/daemons/words_base_handler/debug.log' copied to '/home/david_tyuman/telegram_server/bots/backup_dir/logs/daemons/words_base_handler/debug/debug_2022-07-25T10:12:42.log' path.
2022-07-25 14:12:42,306 - BackupHandler - DEBUG - File '/home/david_tyuman/telegram_server/bots/GeorgeTeacherBot/words_base.txt' copied to '/home/david_tyuman/telegram_server/bots/backup_dir/content/GeorgeTeacherBot/words_base/words_base_2022-07-25T14:12:42.txt' path.
2022-07-25 14:12:42,307 - BackupHandler - DEBUG - File '/home/david_tyuman/telegram_server/bots/GeorgeTeacherBot/words_queue.txt' copied to '/home/david_tyuman/telegram_server/bots/backup_dir/content/GeorgeTeacherBot/words_queue/words_queue_2022-07-25T14:12:42.txt' path.
2022-07-25 14:12:42,309 - BackupHandler - DEBUG - File '/home/david_tyuman/telegram_server/bots/logs/GeorgeTeacherBot/chat.log' copied to '/home/david_tyuman/telegram_server/bots/backup_dir/logs/GeorgeTeacherBot/chat/chat_2022-07-25T14:12:42.log' path.
2022-07-25 14:12:42,324 - BackupHandler - DEBUG - File '/home/david_tyuman/telegram_server/bots/logs/GeorgeTeacherBot/learning.log' copied to '/home/david_tyuman/telegram_server/bots/backup_dir/logs/GeorgeTeacherBot/learning/learning_2022-07-25T14:12:42.log' path.
2022-07-25 14:12:42,325 - BackupHandler - DEBUG - File '/home/david_tyuman/telegram_server/bots/logs/LazarusServiceBot/debug.log' copied to '/home/david_tyuman/telegram_server/bots/backup_dir/logs/LazarusServiceBot/debug/debug_2022-07-25T14:12:42.log' path.
2022-07-25 14:12:42,326 - BackupHandler - DEBUG - File '/home/david_tyuman/telegram_server/bots/logs/daemons/backup_handler/debug.log' copied to '/home/david_tyuman/telegram_server/bots/backup_dir/logs/daemons/backup_handler/debug/debug_2022-07-25T14:12:42.log' path.
2022-07-25 14:12:42,326 - BackupHandler - DEBUG - File '/home/david_tyuman/telegram_server/bots/logs/daemons/words_base_handler/debug.log' copied to '/home/david_tyuman/telegram_server/bots/backup_dir/logs/daemons/words_base_handler/debug/debug_2022-07-25T14:12:42.log' path.
2022-07-25 18:12:42,428 - BackupHandler - DEBUG - File '/home/david_tyuman/telegram_server/bots/GeorgeTeacherBot/words_base.txt' copied to '/home/david_tyuman/telegram_server/bots/backup_dir/content/GeorgeTeacherBot/words_base/words_base_2022-07-25T18:12:42.txt' path.
2022-07-25 18:12:42,429 - BackupHandler - DEBUG - File '/home/david_tyuman/telegram_server/bots/GeorgeTeacherBot/words_queue.txt' copied to '/home/david_tyuman/telegram_server/bots/backup_dir/content/GeorgeTeacherBot/words_queue/words_queue_2022-07-25T18:12:42.txt' path.
2022-07-25 18:12:42,431 - BackupHandler - DEBUG - File '/home/david_tyuman/telegram_server/bots/logs/GeorgeTeacherBot/chat.log' copied to '/home/david_tyuman/telegram_server/bots/backup_dir/logs/GeorgeTeacherBot/chat/chat_2022-07-25T18:12:42.log' path.
2022-07-25 18:12:42,448 - BackupHandler - DEBUG - File '/home/david_tyuman/telegram_server/bots/logs/GeorgeTeacherBot/learning.log' copied to '/home/david_tyuman/telegram_server/bots/backup_dir/logs/GeorgeTeacherBot/learning/learning_2022-07-25T18:12:42.log' path.
2022-07-25 18:12:42,448 - BackupHandler - DEBUG - File '/home/david_tyuman/telegram_server/bots/logs/LazarusServiceBot/debug.log' copied to '/home/david_tyuman/telegram_server/bots/backup_dir/logs/LazarusServiceBot/debug/debug_2022-07-25T18:12:42.log' path.
2022-07-25 18:12:42,449 - BackupHandler - DEBUG - File '/home/david_tyuman/telegram_server/bots/logs/daemons/backup_handler/debug.log' copied to '/home/david_tyuman/telegram_server/bots/backup_dir/logs/daemons/backup_handler/debug/debug_2022-07-25T18:12:42.log' path.
2022-07-25 18:12:42,449 - BackupHandler - DEBUG - File '/home/david_tyuman/telegram_server/bots/logs/daemons/words_base_handler/debug.log' copied to '/home/david_tyuman/telegram_server/bots/backup_dir/logs/daemons/words_base_handler/debug/debug_2022-07-25T18:12:42.log' path.
2022-07-25 22:12:42,452 - BackupHandler - DEBUG - File '/home/david_tyuman/telegram_server/bots/GeorgeTeacherBot/words_base.txt' copied to '/home/david_tyuman/telegram_server/bots/backup_dir/content/GeorgeTeacherBot/words_base/words_base_2022-07-25T22:12:42.txt' path.
2022-07-25 22:12:42,454 - BackupHandler - DEBUG - File '/home/david_tyuman/telegram_server/bots/GeorgeTeacherBot/words_queue.txt' copied to '/home/david_tyuman/telegram_server/bots/backup_dir/content/GeorgeTeacherBot/words_queue/words_queue_2022-07-25T22:12:42.txt' path.
2022-07-25 22:12:42,456 - BackupHandler - DEBUG - File '/home/david_tyuman/telegram_server/bots/logs/GeorgeTeacherBot/chat.log' copied to '/home/david_tyuman/telegram_server/bots/backup_dir/logs/GeorgeTeacherBot/chat/chat_2022-07-25T22:12:42.log' path.
2022-07-25 22:12:42,472 - BackupHandler - DEBUG - File '/home/david_tyuman/telegram_server/bots/logs/GeorgeTeacherBot/learning.log' copied to '/home/david_tyuman/telegram_server/bots/backup_dir/logs/GeorgeTeacherBot/learning/learning_2022-07-25T22:12:42.log' path.
2022-07-25 22:12:42,473 - BackupHandler - DEBUG - File '/home/david_tyuman/telegram_server/bots/logs/LazarusServiceBot/debug.log' copied to '/home/david_tyuman/telegram_server/bots/backup_dir/logs/LazarusServiceBot/debug/debug_2022-07-25T22:12:42.log' path.
2022-07-25 22:12:42,473 - BackupHandler - DEBUG - File '/home/david_tyuman/telegram_server/bots/logs/daemons/backup_handler/debug.log' copied to '/home/david_tyuman/telegram_server/bots/backup_dir/logs/daemons/backup_handler/debug/debug_2022-07-25T22:12:42.log' path.
2022-07-25 22:12:42,474 - BackupHandler - DEBUG - File '/home/david_tyuman/telegram_server/bots/logs/daemons/words_base_handler/debug.log' copied to '/home/david_tyuman/telegram_server/bots/backup_dir/logs/daemons/words_base_handler/debug/debug_2022-07-25T22:12:42.log' path.
2022-07-26 02:12:42,480 - BackupHandler - DEBUG - File '/home/david_tyuman/telegram_server/bots/GeorgeTeacherBot/words_base.txt' copied to '/home/david_tyuman/telegram_server/bots/backup_dir/content/GeorgeTeacherBot/words_base/words_base_2022-07-26T02:12:42.txt' path.
2022-07-26 02:12:42,482 - BackupHandler - DEBUG - File '/home/david_tyuman/telegram_server/bots/GeorgeTeacherBot/words_queue.txt' copied to '/home/david_tyuman/telegram_server/bots/backup_dir/content/GeorgeTeacherBot/words_queue/words_queue_2022-07-26T02:12:42.txt' path.
2022-07-26 02:12:42,484 - BackupHandler - DEBUG - File '/home/david_tyuman/telegram_server/bots/logs/GeorgeTeacherBot/chat.log' copied to '/home/david_tyuman/telegram_server/bots/backup_dir/logs/GeorgeTeacherBot/chat/chat_2022-07-26T02:12:42.log' path.
2022-07-26 02:12:42,500 - BackupHandler - DEBUG - File '/home/david_tyuman/telegram_server/bots/logs/GeorgeTeacherBot/learning.log' copied to '/home/david_tyuman/telegram_server/bots/backup_dir/logs/GeorgeTeacherBot/learning/learning_2022-07-26T02:12:42.log' path.
2022-07-26 02:12:42,501 - BackupHandler - DEBUG - File '/home/david_tyuman/telegram_server/bots/logs/LazarusServiceBot/debug.log' copied to '/home/david_tyuman/telegram_server/bots/backup_dir/logs/LazarusServiceBot/debug/debug_2022-07-26T02:12:42.log' path.
2022-07-26 02:12:42,501 - BackupHandler - DEBUG - File '/home/david_tyuman/telegram_server/bots/logs/daemons/backup_handler/debug.log' copied to '/home/david_tyuman/telegram_server/bots/backup_dir/logs/daemons/backup_handler/debug/debug_2022-07-26T02:12:42.log' path.
2022-07-26 02:12:42,502 - BackupHandler - DEBUG - File '/home/david_tyuman/telegram_server/bots/logs/daemons/words_base_handler/debug.log' copied to '/home/david_tyuman/telegram_server/bots/backup_dir/logs/daemons/words_base_handler/debug/debug_2022-07-26T02:12:42.log' path.
